[LOG] System::create                           : Header version = 2.01.05. Current version = 2.01.05.
[LOG] Manager::init                            : maxchannels = 256 studioflags = 00000006 flags 00000000 extradriverdata 0000000000000000.
[LOG] SystemI::init                            : Initialize version=20105 (112138), maxchannels=256, flags=0x00020000
[LOG] SystemI::setOutputInternal               : Setting output to 'FMOD WASAPI Output'
[LOG] OutputWASAPI::init                       : Mix Format (WAVEFORMATEX): wFormatTag=0xFFFE, nChannels=2, nSamplesPerSec=44100, nAvgBytesPerSec=352800, nBlockAlign=8, wBitsPerSample=32, cbSize=22.
[LOG] OutputWASAPI::init                       : Mix Format (WAVEFORMATEXTENSIBLE): wValidBitsPerSample=32, dwChannelMask=0x00000003, SubFormat=00000003-0000-0010-8000-00AA00389B71.
[LOG] OutputWASAPI::init                       : Output buffer size: 3760 samples, latency: 0.00ms, period: 10.00ms, DSP buffer: 1024 * 4
[WRN] SystemI::init                            : Output requires a sample rate of 44100Hz, resampling will occur.
[LOG] Thread::initThread                       : Init FMOD stream thread. Affinity: 0x8000000000000003, Priority: 0xFFFF7FFB, Stack Size: 98304, Semaphore: No, Sleep Time: 10, Looping: Yes.
[LOG] Thread::initThread                       : Init FMOD mixer thread. Affinity: 0x8000000000000001, Priority: 0xFFFF7FFA, Stack Size: 81920, Semaphore: No, Sleep Time: 0, Looping: Yes.
[LOG] AsyncManager::init                       : manager 000001BEB3EF6FF8 isAsync 0 updatePeriod 0.02
[LOG] AsyncManager::init                       : done
[LOG] PlaybackSystem::init                     : 
[LOG] Thread::initThread                       : Init FMOD Studio sample load thread. Affinity: 0x8000000000000003, Priority: 0xFFFF7FFD, Stack Size: 98304, Semaphore: No, Sleep Time: 1, Looping: No.
[LOG] PlaybackSystem::init                     : done
[LOG] Thread::initThread                       : Init FMOD Studio bank load thread. Affinity: 0x8000000000000003, Priority: 0xFFFF7FFD, Stack Size: 98304, Semaphore: No, Sleep Time: 1, Looping: No.
[LOG] Manager::init                            : done.
[LOG] Manager::readBank                        : fileversion = 135, compatVersion = 132 (oldest = 44, newest = 135)
[LOG] Manager::readBank                        : fileversion = 135, compatVersion = 132 (oldest = 44, newest = 135)
[LOG] Manager::readBank                        : fileversion = 135, compatVersion = 132 (oldest = 44, newest = 135)
[LOG] PlaybackSystem::acquireMasterBus         : Setting master channel group format to 6
[LOG] SystemI::createSoundInternal             : Create name='', mode=0x02000202
[LOG] SystemI::createSoundInternal             : exinfo->cbsize             = 224
[LOG] SystemI::createSoundInternal             : exinfo->length             = 1607424
[LOG] SystemI::createSoundInternal             : exinfo->fileoffset         = 13888
[LOG] SystemI::createSoundInternal             : exinfo->numsubsounds       = 1
[LOG] SystemI::createSoundInternal             : exinfo->inclusionlist      = 00000004301FF488
[LOG] SystemI::createSoundInternal             : exinfo->inclusionlistnum   = 1
[LOG] SystemI::createSoundInternal             : exinfo->suggestedsoundtype = 5
[LOG] SystemI::createSoundInternal             : exinfo->useropen           = 00007FFEC0D57E30
[LOG] SystemI::createSoundInternal             : exinfo->userclose          = 00007FFEC0D57E00
[LOG] SystemI::createSoundInternal             : exinfo->userread           = 00007FFEC0D57F00
[LOG] SystemI::createSoundInternal             : exinfo->userseek           = 00007FFEC0D57FC0
[LOG] SystemI::createSoundInternal             : exinfo->fileuserdata       = 000001BD96140FD8
[LOG] SystemI::createSoundInternal             : exinfo->initialseekpostype = 1
[LOG] SystemI::DSPCodecPoolRegister            : register codec pool for pool type 5
[LOG] SystemI::createSoundInternal             : Sample 0/1: name='ImpactoBolaBola4', format=5, channels=2, frequency=48000, lengthbytes=10656, lengthpcm=47910, pcmblocksize=0, loopstart=0, loopend=0, mode=0x00000000, channelmask=0x00000000, channelorder=0, peakvolume=1.000000.
[LOG] SystemI::createSoundInternal             : Create name='', mode=0x02000202
[LOG] SystemI::createSoundInternal             : exinfo->cbsize             = 224
[LOG] SystemI::createSoundInternal             : exinfo->length             = 1607424
[LOG] SystemI::createSoundInternal             : exinfo->fileoffset         = 13888
[LOG] SystemI::createSoundInternal             : exinfo->numsubsounds       = 1
[LOG] SystemI::createSoundInternal             : exinfo->inclusionlist      = 00000004301FF488
[LOG] SystemI::createSoundInternal             : exinfo->inclusionlistnum   = 1
[LOG] SystemI::createSoundInternal             : exinfo->suggestedsoundtype = 5
[LOG] SystemI::createSoundInternal             : exinfo->useropen           = 00007FFEC0D57E30
[LOG] SystemI::createSoundInternal             : exinfo->userclose          = 00007FFEC0D57E00
[LOG] SystemI::createSoundInternal             : exinfo->userread           = 00007FFEC0D57F00
[LOG] SystemI::createSoundInternal             : exinfo->userseek           = 00007FFEC0D57FC0
[LOG] SystemI::createSoundInternal             : exinfo->fileuserdata       = 000001BD96140FD8
[LOG] SystemI::createSoundInternal             : exinfo->initialseekpostype = 1
[LOG] SystemI::DSPCodecPoolRegister            : register codec pool for pool type 5
[LOG] SystemI::createSoundInternal             : Sample 0/1: name='ImpactoBolaBola2', format=5, channels=2, frequency=48000, lengthbytes=10336, lengthpcm=48000, pcmblocksize=0, loopstart=0, loopend=0, mode=0x00000000, channelmask=0x00000000, channelorder=0, peakvolume=1.000000.
[LOG] SystemI::createSoundInternal             : Create name='', mode=0x02000202
[LOG] SystemI::createSoundInternal             : exinfo->cbsize             = 224
[LOG] SystemI::createSoundInternal             : exinfo->length             = 1607424
[LOG] SystemI::createSoundInternal             : exinfo->fileoffset         = 13888
[LOG] SystemI::createSoundInternal             : exinfo->numsubsounds       = 1
[LOG] SystemI::createSoundInternal             : exinfo->inclusionlist      = 00000004301FF488
[LOG] SystemI::createSoundInternal             : exinfo->inclusionlistnum   = 1
[LOG] SystemI::createSoundInternal             : exinfo->suggestedsoundtype = 5
[LOG] SystemI::createSoundInternal             : exinfo->useropen           = 00007FFEC0D57E30
[LOG] SystemI::createSoundInternal             : exinfo->userclose          = 00007FFEC0D57E00
[LOG] SystemI::createSoundInternal             : exinfo->userread           = 00007FFEC0D57F00
[LOG] SystemI::createSoundInternal             : exinfo->userseek           = 00007FFEC0D57FC0
[LOG] SystemI::createSoundInternal             : exinfo->fileuserdata       = 000001BD96140FD8
[LOG] SystemI::createSoundInternal             : exinfo->initialseekpostype = 1
[LOG] SystemI::DSPCodecPoolRegister            : register codec pool for pool type 5
[LOG] SystemI::createSoundInternal             : Sample 0/1: name='ImpactoBolaBola1', format=5, channels=2, frequency=48000, lengthbytes=10592, lengthpcm=48000, pcmblocksize=0, loopstart=0, loopend=0, mode=0x00000000, channelmask=0x00000000, channelorder=0, peakvolume=0.661077.
[LOG] SystemI::createSoundInternal             : Create name='', mode=0x02000202
[LOG] SystemI::createSoundInternal             : exinfo->cbsize             = 224
[LOG] SystemI::createSoundInternal             : exinfo->length             = 1607424
[LOG] SystemI::createSoundInternal             : exinfo->fileoffset         = 13888
[LOG] SystemI::createSoundInternal             : exinfo->numsubsounds       = 1
[LOG] SystemI::createSoundInternal             : exinfo->inclusionlist      = 00000004301FF488
[LOG] SystemI::createSoundInternal             : exinfo->inclusionlistnum   = 1
[LOG] SystemI::createSoundInternal             : exinfo->suggestedsoundtype = 5
[LOG] SystemI::createSoundInternal             : exinfo->useropen           = 00007FFEC0D57E30
[LOG] SystemI::createSoundInternal             : exinfo->userclose          = 00007FFEC0D57E00
[LOG] SystemI::createSoundInternal             : exinfo->userread           = 00007FFEC0D57F00
[LOG] SystemI::createSoundInternal             : exinfo->userseek           = 00007FFEC0D57FC0
[LOG] SystemI::createSoundInternal             : exinfo->fileuserdata       = 000001BD96140FD8
[LOG] SystemI::createSoundInternal             : exinfo->initialseekpostype = 1
[LOG] SystemI::DSPCodecPoolRegister            : register codec pool for pool type 5
[LOG] SystemI::createSoundInternal             : Sample 0/1: name='Esfregando_loop', format=5, channels=2, frequency=48000, lengthbytes=52544, lengthpcm=192000, pcmblocksize=0, loopstart=0, loopend=0, mode=0x00000000, channelmask=0x00000000, channelorder=0, peakvolume=0.082965.
[LOG] SystemI::createSoundInternal             : Create name='', mode=0x02000202
[LOG] SystemI::createSoundInternal             : exinfo->cbsize             = 224
[LOG] SystemI::createSoundInternal             : exinfo->length             = 1607424
[LOG] SystemI::createSoundInternal             : exinfo->fileoffset         = 13888
[LOG] SystemI::createSoundInternal             : exinfo->numsubsounds       = 1
[LOG] SystemI::createSoundInternal             : exinfo->inclusionlist      = 00000004301FF488
[LOG] SystemI::createSoundInternal             : exinfo->inclusionlistnum   = 1
[LOG] SystemI::createSoundInternal             : exinfo->suggestedsoundtype = 5
[LOG] SystemI::createSoundInternal             : exinfo->useropen           = 00007FFEC0D57E30
[LOG] SystemI::createSoundInternal             : exinfo->userclose          = 00007FFEC0D57E00
[LOG] SystemI::createSoundInternal             : exinfo->userread           = 00007FFEC0D57F00
[LOG] SystemI::createSoundInternal             : exinfo->userseek           = 00007FFEC0D57FC0
[LOG] SystemI::createSoundInternal             : exinfo->fileuserdata       = 000001BD96140FD8
[LOG] SystemI::createSoundInternal             : exinfo->initialseekpostype = 1
[LOG] SystemI::DSPCodecPoolRegister            : register codec pool for pool type 5
[LOG] SystemI::createSoundInternal             : Sample 0/1: name='ImpactoBolaObstaculo1', format=5, channels=2, frequency=48000, lengthbytes=11584, lengthpcm=96000, pcmblocksize=0, loopstart=0, loopend=0, mode=0x00000000, channelmask=0x00000000, channelorder=0, peakvolume=0.683200.
[LOG] SystemI::createSoundInternal             : Create name='', mode=0x02000202
[LOG] SystemI::createSoundInternal             : exinfo->cbsize             = 224
[LOG] SystemI::createSoundInternal             : exinfo->length             = 1607424
[LOG] SystemI::createSoundInternal             : exinfo->fileoffset         = 13888
[LOG] SystemI::createSoundInternal             : exinfo->numsubsounds       = 1
[LOG] SystemI::createSoundInternal             : exinfo->inclusionlist      = 00000004301FF488
[LOG] SystemI::createSoundInternal             : exinfo->inclusionlistnum   = 1
[LOG] SystemI::createSoundInternal             : exinfo->suggestedsoundtype = 5
[LOG] SystemI::createSoundInternal             : exinfo->useropen           = 00007FFEC0D57E30
[LOG] SystemI::createSoundInternal             : exinfo->userclose          = 00007FFEC0D57E00
[LOG] SystemI::createSoundInternal             : exinfo->userread           = 00007FFEC0D57F00
[LOG] SystemI::createSoundInternal             : exinfo->userseek           = 00007FFEC0D57FC0
[LOG] SystemI::createSoundInternal             : exinfo->fileuserdata       = 000001BD96140FD8
[LOG] SystemI::createSoundInternal             : exinfo->initialseekpostype = 1
[LOG] SystemI::DSPCodecPoolRegister            : register codec pool for pool type 5
[LOG] SystemI::createSoundInternal             : Sample 0/1: name='ImpactoBolaObstaculo2', format=5, channels=2, frequency=48000, lengthbytes=11424, lengthpcm=96000, pcmblocksize=0, loopstart=0, loopend=0, mode=0x00000000, channelmask=0x00000000, channelorder=0, peakvolume=0.806526.
[LOG] SystemI::createSoundInternal             : Create name='', mode=0x02000202
[LOG] SystemI::createSoundInternal             : exinfo->cbsize             = 224
[LOG] SystemI::createSoundInternal             : exinfo->length             = 1607424
[LOG] SystemI::createSoundInternal             : exinfo->fileoffset         = 13888
[LOG] SystemI::createSoundInternal             : exinfo->numsubsounds       = 1
[LOG] SystemI::createSoundInternal             : exinfo->inclusionlist      = 00000004301FF488
[LOG] SystemI::createSoundInternal             : exinfo->inclusionlistnum   = 1
[LOG] SystemI::createSoundInternal             : exinfo->suggestedsoundtype = 5
[LOG] SystemI::createSoundInternal             : exinfo->useropen           = 00007FFEC0D57E30
[LOG] SystemI::createSoundInternal             : exinfo->userclose          = 00007FFEC0D57E00
[LOG] SystemI::createSoundInternal             : exinfo->userread           = 00007FFEC0D57F00
[LOG] SystemI::createSoundInternal             : exinfo->userseek           = 00007FFEC0D57FC0
[LOG] SystemI::createSoundInternal             : exinfo->fileuserdata       = 000001BD96140FD8
[LOG] SystemI::createSoundInternal             : exinfo->initialseekpostype = 1
[LOG] SystemI::DSPCodecPoolRegister            : register codec pool for pool type 5
[LOG] SystemI::createSoundInternal             : Sample 0/1: name='ImpactoBolaBola3', format=5, channels=2, frequency=48000, lengthbytes=10720, lengthpcm=47910, pcmblocksize=0, loopstart=0, loopend=0, mode=0x00000000, channelmask=0x00000000, channelorder=0, peakvolume=0.619453.
[WRN] EventInstance::update                    : Event {92293003-d830-4a65-9742-3e8f23235fea} waited 58 milliseconds for sample data to load.  Preload sample data to avoid this delay.
[LOG] SoundI::release                          :  (000001BEBAA5A008)
[LOG] SoundI::release                          :     Pontuacao-1 (000001BEB498B408)
[LOG] SoundI::release                          :  (000001BE536AB088)
[LOG] SoundI::release                          :     Pontuacao+3 (000001BEB498B0C8)
[LOG] SoundI::release                          :  (000001BEBAA5A178)
[LOG] SoundI::release                          :     Pontuacao+1 (000001BEB498B5A8)
[LOG] SoundI::release                          :  (000001BEBAA5A2E8)
[LOG] SoundI::release                          :     Pontuacao+2 (000001BEB498B268)
[LOG] SoundI::release                          :  (000001BDB9A28118)
[LOG] SoundI::release                          :     ImpactoBolaObstaculo1 (000001BD93EE7AE8)
[LOG] SoundI::release                          :  (000001BDB9A26458)
[LOG] SoundI::release                          :     ImpactoBolaObstaculo2 (000001BD93EE5A68)
[LOG] SoundI::release                          :  (000001BDB9A26B88)
[LOG] SoundI::release                          :     Esfregando_loop (000001BD93EE60E8)
[LOG] SoundI::release                          :  (000001BDB9A24EC8)
[LOG] SoundI::release                          :     ImpactoBolaBola1 (000001BD93EE7E28)
[LOG] SoundI::release                          :  (000001BDB9A283F8)
[LOG] SoundI::release                          :     ImpactoBolaBola2 (000001BD93EE5C08)
[LOG] SoundI::release                          :  (000001BDB9A26CF8)
[LOG] SoundI::release                          :     ImpactoBolaBola3 (000001BD93EE5728)
[LOG] SoundI::release                          :  (000001BDB9A25318)
[LOG] SoundI::release                          :     ImpactoBolaBola4 (000001BD93EE43A8)
[LOG] Thread::callback                         : FMOD Studio update thread finished.
[LOG] Thread::callback                         : FMOD Studio bank load thread finished.
[LOG] Profile::disconnectAll                   : Profiler disconnecting all clients
[LOG] Thread::callback                         : FMOD Studio sample load thread finished.
[LOG] LiveUpdate::release                      : 
[LOG] LiveUpdate::reset                        : Reset connection (reason Disconnected)
[LOG] Thread::callback                         : FMOD stream thread finished.
[LOG] Thread::callback                         : FMOD mixer thread finished.
[LOG] Profile::disconnectAll                   : Profiler disconnecting all clients
[LOG] SystemI::close                           : Closed.
